0	1	mikroCPIC1618.exe -MSF -DBG -pP18F87K22 -DL -O11111114 -fo64 -N"D:\Clicks_git\Air_quality_5_Click\SW\example\c\PIC\Click_AirQuality5_PIC.mcppi" -SP"C:\Users\Public\Documents\Mikroelektronika\mikroC PRO for PIC\Defs\" -SP"C:\Users\Public\Documents\Mikroelektronika\mikroC PRO for PIC\uses\P18\" -SP"D:\Clicks_git\Air_quality_5_Click\SW\example\c\PIC\" -SP"D:\Clicks_git\Air_quality_5_Click\SW\library\HAL\" -SP"D:\Clicks_git\Air_quality_5_Click\SW\library\" -SP"C:\Users\Public\Documents\Mikroelektronika\mikroC PRO for PIC\Packages\mikroBUS Board Definition API\Uses\" -IP"C:\Users\Public\Documents\Mikroelektronika\mikroC PRO for PIC\uses\P18\" -IP"D:\Clicks_git\Air_quality_5_Click\SW\example\c\PIC\" -IP"D:\Clicks_git\Air_quality_5_Click\SW\library\" -IP"D:\Clicks_git\Air_quality_5_Click\SW\library\HAL\" -IP"C:\Users\Public\Documents\Mikroelektronika\mikroC PRO for PIC\Packages\mikroBUS Board Definition API\Uses\" "Click_AirQuality5_PIC.c" "__airq5_Driver.c" "__Lib_Math.mcl" "__Lib_MathDouble.mcl" "__Lib_System.mcl" "__Lib_Delays.mcl" "__Lib_CString.mcl" "__Lib_Conversions.mcl" "__Lib_I2C_c34d65_k22_k90.mcl" "__Lib_UART_c67g12.mcl" "easypicpro_v7_P18F87K22.mcl" "Click_AirQuality5.pld"	 
hint: 0	1139	Available RAM: 3841 [bytes], Available ROM: 131072 [bytes]	 
diagnostics: 0	122	Compilation Started	stdint.h
diagnostics: 122	123	Compiled Successfully	Click_AirQuality5_PIC.c
diagnostics: 0	122	Compilation Started	stdint.h
warning: 148	1505	Suspicious pointer conversion	__airq5_Driver.c
warning: 157	1505	Suspicious pointer conversion	__airq5_Driver.c
diagnostics: 424	123	Compiled Successfully	__airq5_Driver.c
hint: 323	1164	Variable 'tmp' has been eliminated by optimizer	__airq5_Driver.c
hint: 95	1164	Variable 'tmp' has been eliminated by optimizer	__airq5_Driver.c
hint: 372	1164	Variable 'getData' has been eliminated by optimizer	__airq5_Driver.c
hint: 389	1164	Variable '_clcData' has been eliminated by optimizer	__airq5_Driver.c
hint: 390	1164	Variable '_data' has been eliminated by optimizer	__airq5_Driver.c
diagnostics: 0	127	All files Compiled in 94 ms	 
hint: 0	1144	Used RAM (bytes): 393 (10%)  Free RAM (bytes): 3448 (90%)	Used RAM (bytes): 393 (10%)  Free RAM (bytes): 3448 (90%)
hint: 0	1144	Used ROM (bytes): 15441 (12%)  Free ROM (bytes): 115631 (88%)	Used ROM (bytes): 15441 (12%)  Free ROM (bytes): 115631 (88%)
diagnostics: 0	125	Project Linked Successfully	Click_AirQuality5_PIC.mcppi
diagnostics: 0	128	Linked in 78 ms	 
diagnostics: 0	129	Project 'Click_AirQuality5_PIC.mcppi' completed: 203 ms	 
diagnostics: 0	103	Finished successfully: 24 apr 2018, 17:29:53	Click_AirQuality5_PIC.mcppi
